0 info it worked if it ends with ok
1 verbose cli [ 'C:\\Program Files\\nodejs\\node.exe',
1 verbose cli   'C:\\Program Files\\nodejs\\node_modules\\npm\\bin\\npm-cli.js',
1 verbose cli   'run',
1 verbose cli   'test' ]
2 info using npm@3.10.10
3 info using node@v6.10.3
4 verbose run-script [ 'pretest', 'test', 'posttest' ]
5 info lifecycle nodejs-websocket-server@1.0.0~pretest: nodejs-websocket-server@1.0.0
6 silly lifecycle nodejs-websocket-server@1.0.0~pretest: no script for pretest, continuing
7 info lifecycle nodejs-websocket-server@1.0.0~test: nodejs-websocket-server@1.0.0
8 verbose lifecycle nodejs-websocket-server@1.0.0~test: unsafe-perm in lifecycle true
9 verbose lifecycle nodejs-websocket-server@1.0.0~test: PATH: C:\Program Files\nodejs\node_modules\npm\bin\node-gyp-bin;C:\AEM\RMS\devskiller-task-S1F\node_modules\.bin;C:\Program Files\Java\jdk1.8.0_131\jre\bin;C:\windows\system32;C:\windows;C:\windows\System32\Wbem;C:\windows\System32\WindowsPowerShell\v1.0\;C:\windows\System32\WindowsPowerShell\v1.0\;C:\Program Files (x86)\Novell\ZENworks\bin;C:\Softwares\apache-maven-3.3.9-bin\apache-maven-3.3.9\bin;C:\AEM\author\crx-quickstart\opt\filevault\vault-cli-2.4.40\bin;c:\Program Files (x86)\Microsoft SQL Server\110\Tools\Binn\ManagementStudio\;c:\Program Files (x86)\Microsoft SQL Server\110\Tools\Binn\;c:\Program Files\Microsoft SQL Server\110\Tools\Binn\;c:\Program Files (x86)\Microsoft SQL Server\110\DTS\Binn\;C:\Program Files (x86)\Hewlett Packard Enterprise\Content Manager\;C:\Program Files\Git\cmd;C:\Python27;C:\Program Files\MongoDB\Server\3.0\bin;C:\Softwares;C:\Program Files\PuTTY\;C:\Program Files\nodejs\;C:\windows\System32\WindowsPowerShell\v1.0\;C:\Users\nayakp\AppData\Roaming\npm;C:\Program Files (x86)\Microsoft VS Code\bin;C:\Program Files\Java\jre-10.0.2
10 verbose lifecycle nodejs-websocket-server@1.0.0~test: CWD: C:\AEM\RMS\devskiller-task-S1F
11 silly lifecycle nodejs-websocket-server@1.0.0~test: Args: [ '/d /s /c',
11 silly lifecycle   'mocha --reporter mocha-jenkins-reporter --reporter-options junit_report_path=test-results.xml "src/**/*.spec.js"' ]
12 silly lifecycle nodejs-websocket-server@1.0.0~test: Returned: code: 1  signal: null
13 info lifecycle nodejs-websocket-server@1.0.0~test: Failed to exec test script
14 verbose stack Error: nodejs-websocket-server@1.0.0 test: `mocha --reporter mocha-jenkins-reporter --reporter-options junit_report_path=test-results.xml "src/**/*.spec.js"`
14 verbose stack Exit status 1
14 verbose stack     at EventEmitter.<anonymous> (C:\Program Files\nodejs\node_modules\npm\lib\utils\lifecycle.js:255:16)
14 verbose stack     at emitTwo (events.js:106:13)
14 verbose stack     at EventEmitter.emit (events.js:191:7)
14 verbose stack     at ChildProcess.<anonymous> (C:\Program Files\nodejs\node_modules\npm\lib\utils\spawn.js:40:14)
14 verbose stack     at emitTwo (events.js:106:13)
14 verbose stack     at ChildProcess.emit (events.js:191:7)
14 verbose stack     at maybeClose (internal/child_process.js:886:16)
14 verbose stack     at Process.ChildProcess._handle.onexit (internal/child_process.js:226:5)
15 verbose pkgid nodejs-websocket-server@1.0.0
16 verbose cwd C:\AEM\RMS\devskiller-task-S1F\src
17 error Windows_NT 6.1.7601
18 error argv "C:\\Program Files\\nodejs\\node.exe" "C:\\Program Files\\nodejs\\node_modules\\npm\\bin\\npm-cli.js" "run" "test"
19 error node v6.10.3
20 error npm  v3.10.10
21 error code ELIFECYCLE
22 error nodejs-websocket-server@1.0.0 test: `mocha --reporter mocha-jenkins-reporter --reporter-options junit_report_path=test-results.xml "src/**/*.spec.js"`
22 error Exit status 1
23 error Failed at the nodejs-websocket-server@1.0.0 test script 'mocha --reporter mocha-jenkins-reporter --reporter-options junit_report_path=test-results.xml "src/**/*.spec.js"'.
23 error Make sure you have the latest version of node.js and npm installed.
23 error If you do, this is most likely a problem with the nodejs-websocket-server package,
23 error not with npm itself.
23 error Tell the author that this fails on your system:
23 error     mocha --reporter mocha-jenkins-reporter --reporter-options junit_report_path=test-results.xml "src/**/*.spec.js"
23 error You can get information on how to open an issue for this project with:
23 error     npm bugs nodejs-websocket-server
23 error Or if that isn't available, you can get their info via:
23 error     npm owner ls nodejs-websocket-server
23 error There is likely additional logging output above.
24 verbose exit [ 1, true ]
